0 info it worked if it ends with ok
1 verbose cli [ 'node', '/usr/local/bin/npm', 'install', 'ios-sim', '-g' ]
2 info using npm@1.4.3
3 info using node@v0.10.26
4 verbose cache add [ 'ios-sim', null ]
5 verbose cache add name=undefined spec="ios-sim" args=["ios-sim",null]
6 verbose parsed url { protocol: null,
6 verbose parsed url   slashes: null,
6 verbose parsed url   auth: null,
6 verbose parsed url   host: null,
6 verbose parsed url   port: null,
6 verbose parsed url   hostname: null,
6 verbose parsed url   hash: null,
6 verbose parsed url   search: null,
6 verbose parsed url   query: null,
6 verbose parsed url   pathname: 'ios-sim',
6 verbose parsed url   path: 'ios-sim',
6 verbose parsed url   href: 'ios-sim' }
7 silly lockFile 6af69284-ios-sim ios-sim
8 verbose lock ios-sim /Users/thinhpham/.npm/6af69284-ios-sim.lock
9 silly lockFile 6af69284-ios-sim ios-sim
10 silly lockFile 6af69284-ios-sim ios-sim
11 verbose addNamed [ 'ios-sim', '' ]
12 verbose addNamed [ null, '*' ]
13 silly lockFile 03dce7cc-ios-sim ios-sim@
14 verbose lock ios-sim@ /Users/thinhpham/.npm/03dce7cc-ios-sim.lock
15 silly addNameRange { name: 'ios-sim', range: '*', hasData: false }
16 verbose registry.get ios-sim not expired, no request
17 silly addNameRange number 2 { name: 'ios-sim', range: '*', hasData: true }
18 silly addNameRange versions [ 'ios-sim',
18 silly addNameRange   [ '1.8.0', '1.8.1', '1.8.2', '1.9.0', '2.0.0', '2.0.1' ] ]
19 verbose addNamed [ 'ios-sim', '2.0.1' ]
20 verbose addNamed [ '2.0.1', '2.0.1' ]
21 silly lockFile c13d98a8-ios-sim-2-0-1 ios-sim@2.0.1
22 verbose lock ios-sim@2.0.1 /Users/thinhpham/.npm/c13d98a8-ios-sim-2-0-1.lock
23 silly lockFile c13d98a8-ios-sim-2-0-1 ios-sim@2.0.1
24 silly lockFile c13d98a8-ios-sim-2-0-1 ios-sim@2.0.1
25 silly lockFile 03dce7cc-ios-sim ios-sim@
26 silly lockFile 03dce7cc-ios-sim ios-sim@
27 silly resolved [ { name: 'ios-sim',
27 silly resolved     version: '2.0.1',
27 silly resolved     description: 'launch iOS apps into the iOS Simulator from the command line (Xcode 5.1)',
27 silly resolved     main: 'ios-sim',
27 silly resolved     scripts: { preinstall: 'rake build' },
27 silly resolved     bin: { 'ios-sim': 'build/Release/ios-sim' },
27 silly resolved     repository: { type: 'git', url: 'https://github.com/phonegap/ios-sim' },
27 silly resolved     keywords: [ 'ios-sim', 'iOS Simulator' ],
27 silly resolved     author: { name: 'Landon Fuller, Jeff Haynie, Eloy Duran, Shazron Abdullah' },
27 silly resolved     license: 'MIT',
27 silly resolved     readme: 'ios-sim\n=======\n\nThe ios-sim tool is a command-line utility that launches an iOS application on\nthe iOS Simulator. This allows for niceties such as automated testing without\nhaving to open XCode.\n\nFeatures\n--------\n\n* Choose the device family to simulate, i.e. iPhone or iPad.\n* Setup environment variables.\n* Pass arguments to the application.\n* See the stdout and stderr, or redirect them to files.\n\nSee the `--help` option for more info.\n\nUsage\n-----\n\n```\nUsage: ios-sim <command> <options> [--args ...]\n\nCommands:\n  showsdks                        List the available iOS SDK versions\n  launch <application path>       Launch the application at the specified path on the iOS Simulator\n  start                           Launch iOS Simulator without an app\n\nOptions:\n  --version                       Print the version of ios-sim\n  --help                          Show this help text\n  --verbose                       Set the output level to verbose\n  --exit                          Exit after startup\n  --debug                         Attach LLDB to the application on startup\n  --use-gdb                       Use GDB instead of LLDB. (Requires --debug)\n  --sdk <sdkversion>              The iOS SDK version to run the application on (defaults to the latest)\n  --family <device family>        The device type that should be simulated (defaults to `iphone\')\n  --retina                        Start a retina device\n  --tall                          In combination with --retina flag, start the tall version of the retina device (e.g. iPhone 5 (4-inch))\n  --uuid <uuid>                   A UUID identifying the session (is that correct?)\n  --env <environment file path>   A plist file containing environment key-value pairs that should be set\n  --setenv NAME=VALUE             Set an environment variable\n  --stdout <stdout file path>     The path where stdout of the simulator will be redirected to (defaults to stdout of ios-sim)\n  --stderr <stderr file path>     The path where stderr of the simulator will be redirected to (defaults to stderr of ios-sim)\n  --timeout <seconds>             The timeout time to wait for a response from the Simulator. Default value: 30 seconds\n  --args <...>                    All following arguments will be passed on to the application\n```\n\nInstallation\n------------\n\nWith node.js (at least 0.10.20):\n\n    $ npm install ios-sim -g\n\nDownload an archive:\n\n    $ curl -L https://github.com/phonegap/ios-sim/zipball/2.0.0 -o ios-sim-2.0.0.zip\n    $ unzip ios-sim-2.0.0.zip\n\nOr from a git clone:\n\n    $ git clone git://github.com/phonegap/ios-sim.git\n\nThen build and install from the source root:\n\n    $ rake install prefix=/usr/local/\n\nTroubleshooting\n------------\n\nMake sure you enable Developer Mode on your machine:\n    \n    $ DevToolsSecurity -enable\n\nMake sure multiple instances of launchd_sim are not running:\n    \n    $ killall launchd_sim\n    \nDevelopment\n-----------\n\nWhen you want to release a version, do:\n\n    $ rake version:bump v=NEW_VERSION\n    $ rake release\n    $ npm version NEW_VERSION -m "Updated to npm version %s"\n    \ntmux\n-----\n\nTo get ios-sim to launch correctly within tmux use the reattach-to-user-namespace wrapper.\n\n```\nreattach-to-user-namespace ios-sim launch ./build/MyTestApp.app\n```\n*source:* https://github.com/ChrisJohnsen/tmux-MacOSX-pasteboard\n\n*brew:*  ```brew install reattach-to-user-namespace```\n\nLicense\n-------\n\nOriginal author: Landon Fuller <landonf@plausiblelabs.com>\nCopyright (c) 2008-2011 Plausible Labs Cooperative, Inc.\nAll rights reserved.\n\nThis project is available under the MIT license. See [LICENSE][license].\n\n[license]: https://github.com/phonegap/ios-sim/blob/master/LICENSE\n',
27 silly resolved     readmeFilename: 'README.md',
27 silly resolved     bugs: { url: 'https://github.com/phonegap/ios-sim/issues' },
27 silly resolved     homepage: 'https://github.com/phonegap/ios-sim',
27 silly resolved     _id: 'ios-sim@2.0.1',
27 silly resolved     _from: 'ios-sim@' } ]
28 info install ios-sim@2.0.1 into /usr/local/lib
29 info installOne ios-sim@2.0.1
30 info /usr/local/lib/node_modules/ios-sim unbuild
31 verbose tar unpack /Users/thinhpham/.npm/ios-sim/2.0.1/package.tgz
32 silly lockFile 5027580f-r-local-lib-node-modules-ios-sim tar:///usr/local/lib/node_modules/ios-sim
33 verbose lock tar:///usr/local/lib/node_modules/ios-sim /Users/thinhpham/.npm/5027580f-r-local-lib-node-modules-ios-sim.lock
34 silly lockFile 108a0c0c-am-npm-ios-sim-2-0-1-package-tgz tar:///Users/thinhpham/.npm/ios-sim/2.0.1/package.tgz
35 verbose lock tar:///Users/thinhpham/.npm/ios-sim/2.0.1/package.tgz /Users/thinhpham/.npm/108a0c0c-am-npm-ios-sim-2-0-1-package-tgz.lock
36 silly gunzTarPerm modes [ '755', '644' ]
37 silly gunzTarPerm extractEntry package.json
38 silly gunzTarPerm extractEntry .npmignore
39 silly gunzTarPerm extractEntry README.md
40 silly gunzTarPerm extractEntry LICENSE
41 silly gunzTarPerm extractEntry CoreSimulator/CoreSimulator.h
42 silly gunzTarPerm extractEntry DVTiPhoneSimulatorRemoteClient/DVTiPhoneSimulatorRemoteClient.h
43 silly gunzTarPerm extractEntry CONTRIBUTING.md
44 silly gunzTarPerm extractEntry Rakefile
45 silly gunzTarPerm extractEntry Source/.npmignore
46 silly gunzTarPerm extractEntry Source/NSString+expandPath.h
47 silly gunzTarPerm extractEntry Source/NSString+expandPath.m
48 silly gunzTarPerm extractEntry Source/iPhoneSimulator.h
49 silly gunzTarPerm extractEntry Source/iPhoneSimulator.m
50 silly gunzTarPerm extractEntry Source/main.m
51 silly gunzTarPerm extractEntry Source/nsprintf.h
52 silly gunzTarPerm extractEntry Source/nsprintf.m
53 silly gunzTarPerm extractEntry Source/version.h
54 silly gunzTarPerm extractEntry ios-sim.xcodeproj/.npmignore
55 silly gunzTarPerm extractEntry ios-sim.xcodeproj/project.pbxproj
56 silly gunzTarPerm extractEntry ios-sim.xcodeproj/xcshareddata/xcschemes/ios-sim.xcscheme
57 silly gunzTarPerm extractEntry ios-sim_Prefix.pch
58 silly gunzTarPerm extractEntry README.template.md
59 silly lockFile 5027580f-r-local-lib-node-modules-ios-sim tar:///usr/local/lib/node_modules/ios-sim
60 silly lockFile 5027580f-r-local-lib-node-modules-ios-sim tar:///usr/local/lib/node_modules/ios-sim
61 silly lockFile 108a0c0c-am-npm-ios-sim-2-0-1-package-tgz tar:///Users/thinhpham/.npm/ios-sim/2.0.1/package.tgz
62 silly lockFile 108a0c0c-am-npm-ios-sim-2-0-1-package-tgz tar:///Users/thinhpham/.npm/ios-sim/2.0.1/package.tgz
63 info preinstall ios-sim@2.0.1
64 verbose unsafe-perm in lifecycle false
65 verbose readDependencies using package.json deps
66 verbose readDependencies using package.json deps
67 silly resolved []
68 verbose about to build /usr/local/lib/node_modules/ios-sim
69 info build /usr/local/lib/node_modules/ios-sim
70 verbose linkStuff [ true,
70 verbose linkStuff   '/usr/local/lib/node_modules',
70 verbose linkStuff   true,
70 verbose linkStuff   '/usr/local/lib/node_modules' ]
71 info linkStuff ios-sim@2.0.1
72 verbose linkBins ios-sim@2.0.1
73 verbose link bins [ { 'ios-sim': 'build/Release/ios-sim' },
73 verbose link bins   '/usr/local/bin',
73 verbose link bins   true ]
74 verbose linkMans ios-sim@2.0.1
75 verbose rebuildBundles ios-sim@2.0.1
76 info /usr/local/lib/node_modules/ios-sim unbuild
77 info preuninstall ios-sim@2.0.1
78 info uninstall ios-sim@2.0.1
79 verbose true,/usr/local/lib/node_modules,/usr/local/lib/node_modules unbuild ios-sim@2.0.1
80 verbose /usr/local/bin,[object Object] binRoot
81 error error rolling back Error: Refusing to delete: /usr/local/bin/ios-sim not in /usr/local/lib/node_modules/ios-sim
81 error error rolling back     at clobberFail (/usr/local/lib/node_modules/npm/lib/utils/gently-rm.js:57:12)
81 error error rolling back     at next (/usr/local/lib/node_modules/npm/lib/utils/gently-rm.js:43:14)
81 error error rolling back     at /usr/local/lib/node_modules/npm/lib/utils/gently-rm.js:52:12
81 error error rolling back     at Object.oncomplete (fs.js:107:15)
81 error error rolling back  ios-sim@2.0.1 { [Error: Refusing to delete: /usr/local/bin/ios-sim not in /usr/local/lib/node_modules/ios-sim] code: 'EEXIST', path: '/usr/local/bin/ios-sim' }
82 error Refusing to delete: /usr/local/bin/ios-sim not in /usr/local/lib/node_modules/ios-sim
File exists: /usr/local/bin/ios-sim
Move it away, and try again.
83 error System Darwin 13.3.0
84 error command "node" "/usr/local/bin/npm" "install" "ios-sim" "-g"
85 error cwd /Users/thinhpham/Documents/workspace/DongNatAppFrontend
86 error node -v v0.10.26
87 error npm -v 1.4.3
88 error path /usr/local/bin/ios-sim
89 error code EEXIST
90 verbose exit [ 1, true ]
